2025-07-16T10:11:49.345+03:00  INFO 21300 --- [main] com.example.fx.FXServiceApplication      : Starting FXServiceApplication v1.0.0 using Java 21.0.7 with PID 21300 (C:\Users\mvahi\devmvs\fx-service-final-with-logging\target\fx-service-1.0.0.jar started by mvahi in C:\Users\mvahi\devmvs\fx-service-final-with-logging)
2025-07-16T10:11:49.349+03:00 DEBUG 21300 --- [main] com.example.fx.FXServiceApplication      : Running with Spring Boot v3.1.3, Spring v6.0.11
2025-07-16T10:11:49.351+03:00  INFO 21300 --- [main] com.example.fx.FXServiceApplication      : No active profile set, falling back to 1 default profile: "default"
2025-07-16T10:11:50.140+03:00  INFO 21300 --- [main] .s.d.r.c.RepositoryConfigurationDelegate : Bootstrapping Spring Data JPA repositories in DEFAULT mode.
2025-07-16T10:11:50.183+03:00  INFO 21300 --- [main] .s.d.r.c.RepositoryConfigurationDelegate : Finished Spring Data repository scanning in 37 ms. Found 1 JPA repository interfaces.
2025-07-16T10:11:50.854+03:00  INFO 21300 --- [main] o.s.b.w.embedded.tomcat.TomcatWebServer  : Tomcat initialized with port(s): 8080 (http)
2025-07-16T10:11:50.860+03:00  INFO 21300 --- [main] o.apache.catalina.core.StandardService   : Starting service [Tomcat]
2025-07-16T10:11:50.861+03:00  INFO 21300 --- [main] o.apache.catalina.core.StandardEngine    : Starting Servlet engine: [Apache Tomcat/10.1.12]
2025-07-16T10:11:50.928+03:00  INFO 21300 --- [main] o.a.c.c.C.[Tomcat].[localhost].[/]       : Initializing Spring embedded WebApplicationContext
2025-07-16T10:11:50.928+03:00  INFO 21300 --- [main] w.s.c.ServletWebServerApplicationContext : Root WebApplicationContext: initialization completed in 1520 ms
2025-07-16T10:11:50.972+03:00  INFO 21300 --- [main] com.zaxxer.hikari.HikariDataSource       : HikariPool-1 - Starting...
2025-07-16T10:11:51.210+03:00  INFO 21300 --- [main] com.zaxxer.hikari.pool.HikariPool        : HikariPool-1 - Added connection conn0: url=jdbc:h2:mem:fxdb user=SA
2025-07-16T10:11:51.212+03:00  INFO 21300 --- [main] com.zaxxer.hikari.HikariDataSource       : HikariPool-1 - Start completed.
2025-07-16T10:11:51.222+03:00  INFO 21300 --- [main] o.s.b.a.h2.H2ConsoleAutoConfiguration    : H2 console available at '/h2-console'. Database available at 'jdbc:h2:mem:fxdb'
2025-07-16T10:11:51.358+03:00  INFO 21300 --- [main] o.hibernate.jpa.internal.util.LogHelper  : HHH000204: Processing PersistenceUnitInfo [name: default]
2025-07-16T10:11:51.394+03:00  INFO 21300 --- [main] org.hibernate.Version                    : HHH000412: Hibernate ORM core version 6.2.7.Final
2025-07-16T10:11:51.395+03:00  INFO 21300 --- [main] org.hibernate.cfg.Environment            : HHH000406: Using bytecode reflection optimizer
2025-07-16T10:11:51.493+03:00  INFO 21300 --- [main] o.h.b.i.BytecodeProviderInitiator        : HHH000021: Bytecode provider name : bytebuddy
2025-07-16T10:11:51.598+03:00  INFO 21300 --- [main] o.s.o.j.p.SpringPersistenceUnitInfo      : No LoadTimeWeaver setup: ignoring JPA class transformer
2025-07-16T10:11:51.758+03:00  INFO 21300 --- [main] o.h.b.i.BytecodeProviderInitiator        : HHH000021: Bytecode provider name : bytebuddy
2025-07-16T10:11:52.185+03:00  INFO 21300 --- [main] o.h.e.t.j.p.i.JtaPlatformInitiator       : HHH000490: Using JtaPlatform implementation: [org.hibernate.engine.transaction.jta.platform.internal.NoJtaPlatform]
2025-07-16T10:11:52.229+03:00  INFO 21300 --- [main] j.LocalContainerEntityManagerFactoryBean : Initialized JPA EntityManagerFactory for persistence unit 'default'
2025-07-16T10:11:52.241+03:00  INFO 21300 --- [main] com.example.fx.service.JwtService        : JWT secret key initialized
2025-07-16T10:11:52.722+03:00  WARN 21300 --- [main] JpaBaseConfiguration$JpaWebConfiguration : spring.jpa.open-in-view is enabled by default. Therefore, database queries may be performed during view rendering. Explicitly configure spring.jpa.open-in-view to disable this warning
2025-07-16T10:11:52.847+03:00  INFO 21300 --- [main] o.s.s.web.DefaultSecurityFilterChain     : Will secure any request with [org.springframework.security.web.session.DisableEncodeUrlFilter@2e7157c7, org.springframework.security.web.context.request.async.WebAsyncManagerIntegrationFilter@2a43e0ac, org.springframework.security.web.context.SecurityContextHolderFilter@5edacf20, org.springframework.security.web.header.HeaderWriterFilter@7377781e, org.springframework.security.web.authentication.logout.LogoutFilter@31b7d869, org.springframework.security.web.savedrequest.RequestCacheAwareFilter@7e307087, org.springframework.security.web.servletapi.SecurityContextHolderAwareRequestFilter@1a8b81e8, org.springframework.security.web.authentication.AnonymousAuthenticationFilter@22d9bc14, org.springframework.security.web.access.ExceptionTranslationFilter@5ebffb44, org.springframework.security.web.access.intercept.AuthorizationFilter@18539cb1]
2025-07-16T10:11:53.406+03:00  INFO 21300 --- [main] o.s.b.w.embedded.tomcat.TomcatWebServer  : Tomcat started on port(s): 8080 (http) with context path ''
2025-07-16T10:11:53.424+03:00  INFO 21300 --- [main] com.example.fx.FXServiceApplication      : Started FXServiceApplication in 4.467 seconds (process running for 4.962)
2025-07-16T10:12:02.065+03:00  INFO 21300 --- [http-nio-8080-exec-2] o.a.c.c.C.[Tomcat].[localhost].[/]       : Initializing Spring DispatcherServlet 'dispatcherServlet'
2025-07-16T10:12:02.066+03:00  INFO 21300 --- [http-nio-8080-exec-2] o.s.web.servlet.DispatcherServlet        : Initializing Servlet 'dispatcherServlet'
2025-07-16T10:12:02.068+03:00  INFO 21300 --- [http-nio-8080-exec-2] o.s.web.servlet.DispatcherServlet        : Completed initialization in 2 ms
2025-07-16T10:12:02.145+03:00  INFO 21300 --- [http-nio-8080-exec-2] c.e.fx.controller.ExchangeController     : Executing method: getRate
2025-07-16T10:12:02.152+03:00  INFO 21300 --- [http-nio-8080-exec-2] c.e.fx.service.ExchangeRateCacheService  : Calling Fixer API for CAD -> TRY
2025-07-16T10:12:03.218+03:00  INFO 21300 --- [http-nio-8080-exec-2] c.e.fx.service.ExchangeRateCacheService  : Fixer rate retrieved for CAD -> TRY: 29.348705
2025-07-16T10:12:03.221+03:00  INFO 21300 --- [http-nio-8080-exec-2] com.example.fx.service.ExchangeService   : Retrieved exchange rate from external API for CAD -> TRY: 29.348705
2025-07-16T10:12:16.525+03:00  INFO 21300 --- [http-nio-8080-exec-3] c.e.fx.controller.ExchangeController     : Executing method: getRate
2025-07-16T10:12:16.526+03:00  INFO 21300 --- [http-nio-8080-exec-3] com.example.fx.service.ExchangeService   : Retrieved exchange rate from cache for CAD -> TRY: 29.348705
2025-07-16T10:12:45.359+03:00  INFO 21300 --- [http-nio-8080-exec-5] c.e.fx.controller.ExchangeController     : Executing method: convert
2025-07-16T10:12:45.360+03:00  INFO 21300 --- [http-nio-8080-exec-5] com.example.fx.service.ExchangeService   : Executing method: convert 50000.0 USD -> CAD
2025-07-16T10:12:45.360+03:00  INFO 21300 --- [http-nio-8080-exec-5] c.e.fx.service.ExchangeRateCacheService  : Calling Fixer API for USD -> CAD
2025-07-16T10:12:45.776+03:00  INFO 21300 --- [http-nio-8080-exec-5] c.e.fx.service.ExchangeRateCacheService  : Fixer rate retrieved for USD -> CAD: 1.37121
2025-07-16T10:12:45.776+03:00  INFO 21300 --- [http-nio-8080-exec-5] com.example.fx.service.ExchangeService   : Retrieved exchange rate from external API for USD -> CAD: 1.37121
2025-07-16T10:12:45.889+03:00  INFO 21300 --- [http-nio-8080-exec-5] com.example.fx.service.ExchangeService   : Conversion recorded with ID 58131ab0-614d-4d04-b941-a9b7969676c8
2025-07-16T10:12:53.976+03:00  INFO 21300 --- [http-nio-8080-exec-6] c.e.fx.controller.ExchangeController     : Executing method: bulk
2025-07-16T10:12:53.976+03:00  INFO 21300 --- [http-nio-8080-exec-6] com.example.fx.service.FileService       : Starting bulk file processing: sample_bulk.csv
2025-07-16T10:12:53.979+03:00  INFO 21300 --- [http-nio-8080-exec-6] com.example.fx.service.ExchangeService   : Executing method: convert 100.0 USD -> EUR
2025-07-16T10:12:53.979+03:00  INFO 21300 --- [http-nio-8080-exec-6] c.e.fx.service.ExchangeRateCacheService  : Calling Fixer API for USD -> EUR
2025-07-16T10:12:54.523+03:00  INFO 21300 --- [http-nio-8080-exec-6] c.e.fx.service.ExchangeRateCacheService  : Fixer rate retrieved for USD -> EUR: 0.86006
2025-07-16T10:12:54.523+03:00  INFO 21300 --- [http-nio-8080-exec-6] com.example.fx.service.ExchangeService   : Retrieved exchange rate from external API for USD -> EUR: 0.86006
2025-07-16T10:12:54.527+03:00  INFO 21300 --- [http-nio-8080-exec-6] com.example.fx.service.ExchangeService   : Conversion recorded with ID 82caf246-f5ca-44f3-81eb-54e7900eb91c
2025-07-16T10:12:54.527+03:00  INFO 21300 --- [http-nio-8080-exec-6] com.example.fx.service.ExchangeService   : Executing method: convert 250.0 EUR -> USD
2025-07-16T10:12:54.527+03:00  INFO 21300 --- [http-nio-8080-exec-6] c.e.fx.service.ExchangeRateCacheService  : Calling Fixer API for EUR -> USD
2025-07-16T10:12:54.868+03:00  INFO 21300 --- [http-nio-8080-exec-6] c.e.fx.service.ExchangeRateCacheService  : Fixer rate retrieved for EUR -> USD: 1.16271
2025-07-16T10:12:54.868+03:00  INFO 21300 --- [http-nio-8080-exec-6] com.example.fx.service.ExchangeService   : Retrieved exchange rate from external API for EUR -> USD: 1.16271
2025-07-16T10:12:54.872+03:00  INFO 21300 --- [http-nio-8080-exec-6] com.example.fx.service.ExchangeService   : Conversion recorded with ID 49b939a6-bb54-4528-9663-5bfd6973ec54
2025-07-16T10:12:54.872+03:00  INFO 21300 --- [http-nio-8080-exec-6] com.example.fx.service.ExchangeService   : Executing method: convert 75.0 GBP -> JPY
2025-07-16T10:12:54.872+03:00  INFO 21300 --- [http-nio-8080-exec-6] c.e.fx.service.ExchangeRateCacheService  : Calling Fixer API for GBP -> JPY
2025-07-16T10:12:55.205+03:00  INFO 21300 --- [http-nio-8080-exec-6] c.e.fx.service.ExchangeRateCacheService  : Fixer rate retrieved for GBP -> JPY: 199.332895
2025-07-16T10:12:55.206+03:00  INFO 21300 --- [http-nio-8080-exec-6] com.example.fx.service.ExchangeService   : Retrieved exchange rate from external API for GBP -> JPY: 199.332895
2025-07-16T10:12:55.209+03:00  INFO 21300 --- [http-nio-8080-exec-6] com.example.fx.service.ExchangeService   : Conversion recorded with ID 26bd1c53-5c8c-4cbd-a937-050a0e0e2c87
2025-07-16T10:12:55.209+03:00  INFO 21300 --- [http-nio-8080-exec-6] com.example.fx.service.ExchangeService   : Executing method: convert 1200.0 CAD -> USD
2025-07-16T10:12:55.210+03:00  INFO 21300 --- [http-nio-8080-exec-6] c.e.fx.service.ExchangeRateCacheService  : Calling Fixer API for CAD -> USD
2025-07-16T10:12:55.541+03:00  INFO 21300 --- [http-nio-8080-exec-6] c.e.fx.service.ExchangeRateCacheService  : Fixer rate retrieved for CAD -> USD: 0.729283
2025-07-16T10:12:55.542+03:00  INFO 21300 --- [http-nio-8080-exec-6] com.example.fx.service.ExchangeService   : Retrieved exchange rate from external API for CAD -> USD: 0.729283
2025-07-16T10:12:55.548+03:00  INFO 21300 --- [http-nio-8080-exec-6] com.example.fx.service.ExchangeService   : Conversion recorded with ID 991992fa-b0e8-438f-a6c3-e4b75c5e0483
2025-07-16T10:12:55.549+03:00  INFO 21300 --- [http-nio-8080-exec-6] com.example.fx.service.ExchangeService   : Executing method: convert 50.0 USD -> TRY
2025-07-16T10:12:55.550+03:00  INFO 21300 --- [http-nio-8080-exec-6] c.e.fx.service.ExchangeRateCacheService  : Calling Fixer API for USD -> TRY
2025-07-16T10:12:55.888+03:00  INFO 21300 --- [http-nio-8080-exec-6] c.e.fx.service.ExchangeRateCacheService  : Fixer rate retrieved for USD -> TRY: 40.250402
2025-07-16T10:12:55.889+03:00  INFO 21300 --- [http-nio-8080-exec-6] com.example.fx.service.ExchangeService   : Retrieved exchange rate from external API for USD -> TRY: 40.250402
2025-07-16T10:12:55.894+03:00  INFO 21300 --- [http-nio-8080-exec-6] com.example.fx.service.ExchangeService   : Conversion recorded with ID c19f2628-2304-492d-bd1b-09999b55db8b
2025-07-16T10:12:55.895+03:00  INFO 21300 --- [http-nio-8080-exec-6] com.example.fx.service.ExchangeService   : Executing method: convert 600.0 JPY -> CNY
2025-07-16T10:12:55.896+03:00  INFO 21300 --- [http-nio-8080-exec-6] c.e.fx.service.ExchangeRateCacheService  : Calling Fixer API for JPY -> CNY
2025-07-16T10:12:56.226+03:00  INFO 21300 --- [http-nio-8080-exec-6] c.e.fx.service.ExchangeRateCacheService  : Fixer rate retrieved for JPY -> CNY: 0.048253
2025-07-16T10:12:56.227+03:00  INFO 21300 --- [http-nio-8080-exec-6] com.example.fx.service.ExchangeService   : Retrieved exchange rate from external API for JPY -> CNY: 0.048253
2025-07-16T10:12:56.230+03:00  INFO 21300 --- [http-nio-8080-exec-6] com.example.fx.service.ExchangeService   : Conversion recorded with ID 1bf1b8a0-17b2-4e50-840a-c06d4c6d5f24
2025-07-16T10:12:56.232+03:00  INFO 21300 --- [http-nio-8080-exec-6] com.example.fx.service.ExchangeService   : Executing method: convert 300.0 AUD -> NZD
2025-07-16T10:12:56.232+03:00  INFO 21300 --- [http-nio-8080-exec-6] c.e.fx.service.ExchangeRateCacheService  : Calling Fixer API for AUD -> NZD
2025-07-16T10:12:56.558+03:00  INFO 21300 --- [http-nio-8080-exec-6] c.e.fx.service.ExchangeRateCacheService  : Fixer rate retrieved for AUD -> NZD: 1.097014
2025-07-16T10:12:56.559+03:00  INFO 21300 --- [http-nio-8080-exec-6] com.example.fx.service.ExchangeService   : Retrieved exchange rate from external API for AUD -> NZD: 1.097014
2025-07-16T10:12:56.563+03:00  INFO 21300 --- [http-nio-8080-exec-6] com.example.fx.service.ExchangeService   : Conversion recorded with ID 15476d64-beb1-4212-aceb-4b60b89d33dd
2025-07-16T10:12:56.564+03:00  INFO 21300 --- [http-nio-8080-exec-6] com.example.fx.service.ExchangeService   : Executing method: convert 150.0 CHF -> USD
2025-07-16T10:12:56.564+03:00  INFO 21300 --- [http-nio-8080-exec-6] c.e.fx.service.ExchangeRateCacheService  : Calling Fixer API for CHF -> USD
2025-07-16T10:12:56.897+03:00  INFO 21300 --- [http-nio-8080-exec-6] c.e.fx.service.ExchangeRateCacheService  : Fixer rate retrieved for CHF -> USD: 1.249215
2025-07-16T10:12:56.898+03:00  INFO 21300 --- [http-nio-8080-exec-6] com.example.fx.service.ExchangeService   : Retrieved exchange rate from external API for CHF -> USD: 1.249215
2025-07-16T10:12:56.902+03:00  INFO 21300 --- [http-nio-8080-exec-6] com.example.fx.service.ExchangeService   : Conversion recorded with ID ec69f947-35c2-4a29-a21c-ca0dbd260554
2025-07-16T10:12:56.902+03:00  INFO 21300 --- [http-nio-8080-exec-6] com.example.fx.service.ExchangeService   : Executing method: convert 80.0 USD -> INR
2025-07-16T10:12:56.903+03:00  INFO 21300 --- [http-nio-8080-exec-6] c.e.fx.service.ExchangeRateCacheService  : Calling Fixer API for USD -> INR
2025-07-16T10:12:57.238+03:00  INFO 21300 --- [http-nio-8080-exec-6] c.e.fx.service.ExchangeRateCacheService  : Fixer rate retrieved for USD -> INR: 85.847501
2025-07-16T10:12:57.239+03:00  INFO 21300 --- [http-nio-8080-exec-6] com.example.fx.service.ExchangeService   : Retrieved exchange rate from external API for USD -> INR: 85.847501
2025-07-16T10:12:57.244+03:00  INFO 21300 --- [http-nio-8080-exec-6] com.example.fx.service.ExchangeService   : Conversion recorded with ID 5b14fc2e-da32-42ba-bcf7-b114afb838d1
2025-07-16T10:12:57.245+03:00  INFO 21300 --- [http-nio-8080-exec-6] com.example.fx.service.ExchangeService   : Executing method: convert 200.0 SEK -> EUR
2025-07-16T10:12:57.245+03:00  INFO 21300 --- [http-nio-8080-exec-6] c.e.fx.service.ExchangeRateCacheService  : Calling Fixer API for SEK -> EUR
2025-07-16T10:12:57.604+03:00  INFO 21300 --- [http-nio-8080-exec-6] c.e.fx.service.ExchangeRateCacheService  : Fixer rate retrieved for SEK -> EUR: 0.088543
2025-07-16T10:12:57.604+03:00  INFO 21300 --- [http-nio-8080-exec-6] com.example.fx.service.ExchangeService   : Retrieved exchange rate from external API for SEK -> EUR: 0.088543
2025-07-16T10:12:57.610+03:00  INFO 21300 --- [http-nio-8080-exec-6] com.example.fx.service.ExchangeService   : Conversion recorded with ID 4599eec3-f4be-432e-8e4d-6b38995ec3a9
2025-07-16T10:12:57.611+03:00  INFO 21300 --- [http-nio-8080-exec-6] com.example.fx.service.FileService       : Successfully processed 10 valid conversion requests.
2025-07-16T10:13:01.563+03:00  INFO 21300 --- [http-nio-8080-exec-4] c.e.fx.controller.ExchangeController     : Executing method: history
2025-07-16T10:13:01.564+03:00  INFO 21300 --- [http-nio-8080-exec-4] com.example.fx.service.ExchangeService   : Executing method: history (id: null, date: 2025-07-15)
2025-07-16T10:13:09.334+03:00  INFO 21300 --- [http-nio-8080-exec-7] c.e.fx.controller.ExchangeController     : Executing method: history
2025-07-16T10:13:09.334+03:00  INFO 21300 --- [http-nio-8080-exec-7] com.example.fx.service.ExchangeService   : Executing method: history (id: null, date: 2025-07-16)
2025-07-16T10:13:32.924+03:00  INFO 21300 --- [SpringApplicationShutdownHook] j.LocalContainerEntityManagerFactoryBean : Closing JPA EntityManagerFactory for persistence unit 'default'
2025-07-16T10:13:32.926+03:00  INFO 21300 --- [SpringApplicationShutdownHook] com.zaxxer.hikari.HikariDataSource       : HikariPool-1 - Shutdown initiated...
2025-07-16T10:13:32.927+03:00  INFO 21300 --- [SpringApplicationShutdownHook] com.zaxxer.hikari.HikariDataSource       : HikariPool-1 - Shutdown completed.
